root - WARNING - This will get logged to a file
root - WARNING - This will get logged to a file
root - WARNING - This will get logged to a file
root - WARNING - This will get logged to a file
root - WARNING - This will get logged to a file
root - WARNING - This will get logged to a file
root - WARNING - Evil logged in
2021-08-17 11:47:50,377 - Evil logged in
08/17/2021 11:48:20 AM Evil logged in
08/17/2021 11:58:34 AM Evil logged in [WARNING]
08/17/2021 11:58:59 AM [WARNING] Evil logged in
08/17/2021 11:59:26 AM [WARNING] Evil logged in
08/17/2021 11:59:26 AM [INFO] just a information
08/17/2021 11:59:45 AM [WARNING] Evil logged in
08/17/2021 11:59:45 AM [INFO] just a information
08/17/2021 11:59:45 AM [ERROR] World end...
08/17/2021 12:02:11 PM [WARNING] Evil logged in
08/17/2021 12:02:11 PM [INFO] just a information
08/17/2021 12:02:11 PM [ERROR] Service Type not match,Please let DE team know.
08/17/2021 12:03:00 PM [WARNING] Evil logged in
08/17/2021 12:03:00 PM [INFO] Gross Commission < 0.1% with 0 commission
08/17/2021 12:03:00 PM [ERROR] Service Type not match,Please info DE team know.
08/17/2021 12:08:23 PM [WARNING] Data does not match with CRM system file
08/17/2021 12:08:23 PM [INFO] Gross Commission < 0.1% with 0 commission
08/17/2021 12:08:23 PM [ERROR] Service Type not match,Please info DE team know.
08/17/2021 12:08:37 PM [INFO] Gross Commission < 0.1% with 0 commission
08/17/2021 12:08:37 PM [WARNING] Data does not match with CRM system file
08/17/2021 12:08:37 PM [ERROR] Service Type not match,Please info DE team know.
2021/08/17 12:09:08 PM [INFO] Gross Commission < 0.1% with 0 commission
2021/08/17 12:09:08 PM [WARNING] Data does not match with CRM system file
2021/08/17 12:09:08 PM [ERROR] Service Type not match,Please info DE team know.
2021/08/17 02:08:14 PM [INFO] Gross Commission < 0.1% with 0 commission
2021/08/17 02:08:14 PM [WARNING] Data does not match with CRM system file
2021/08/17 02:08:14 PM [ERROR] Service Type not match,Please info DE team know.
